<?xml version="1.0" encoding="UTF-8"?>
<testng-results skipped="0" failed="0" total="2" passed="2">
  <reporter-output>
  </reporter-output>
  <suite name="Default suite" duration-ms="28307" started-at="2020-05-13T05:23:21Z" finished-at="2020-05-13T05:23:50Z">
    <groups>
    </groups>
    <test name="Default test" duration-ms="28307" started-at="2020-05-13T05:23:21Z" finished-at="2020-05-13T05:23:50Z">
      <class name="com.org.validata.perfome">
        <test-method status="PASS" signature="percondition()[pri:0, instance:com.org.validata.perfome@6debcae2]" name="percondition" is-config="true" duration-ms="8531" started-at="2020-05-13T10:53:21Z" finished-at="2020-05-13T10:53:30Z">
          <reporter-output>
          </reporter-output>
        </test-method> <!-- percondition -->
        <test-method status="PASS" signature="condition()[pri:0, instance:com.org.validata.perfome@6debcae2]" name="condition" duration-ms="13007" started-at="2020-05-13T10:53:30Z" finished-at="2020-05-13T10:53:43Z">
          <reporter-output>
          </reporter-output>
        </test-method> <!-- condition -->
        <test-method status="PASS" signature="condition1()[pri:0, instance:com.org.validata.perfome@6debcae2]" name="condition1" duration-ms="5892" started-at="2020-05-13T10:53:43Z" finished-at="2020-05-13T10:53:49Z">
          <reporter-output>
          </reporter-output>
        </test-method> <!-- condition1 -->
        <test-method status="PASS" signature="postcondition()[pri:0, instance:com.org.validata.perfome@6debcae2]" name="postcondition" is-config="true" duration-ms="845" started-at="2020-05-13T10:53:49Z" finished-at="2020-05-13T10:53:50Z">
          <reporter-output>
          </reporter-output>
        </test-method> <!-- postcondition -->
      </class> <!-- com.org.validata.perfome -->
    </test> <!-- Default test -->
  </suite> <!-- Default suite -->
</testng-results>
